<?xml version="1.0" encoding="UTF-8"?>
<!-- Generated by org.testng.reporters.JUnitReportReporter -->
<testsuite hostname="MS-20160617BOYN" name="cases.Case2" tests="2" failures="0" timestamp="3 Mar 2018 20:58:54 GMT" time="66.827" errors="0">
  <testcase name="case02" time="33.867" classname="cases.Case2"/>
  <testcase name="case02" time="32.960" classname="cases.Case2"/>
</testsuite> <!-- cases.Case2 -->
