<?xml version="1.0" encoding="UTF-8"?>
<!-- Generated by org.testng.reporters.JUnitReportReporter -->
<testsuite hostname="MS-20160617BOYN" name="cases.Case4" tests="1" failures="0" timestamp="3 Mar 2018 20:58:54 GMT" time="14.511" errors="0">
  <testcase name="case04" time="14.511" classname="cases.Case4"/>
</testsuite> <!-- cases.Case4 -->
