<?xml version="1.0" encoding="UTF-8"?>
<!-- Generated by org.testng.reporters.JUnitReportReporter -->
<testsuite hostname="MS-20160617BOYN" name="cases.Case5" tests="1" failures="0" timestamp="3 Mar 2018 20:58:54 GMT" time="7.014" errors="0">
  <testcase name="case5" time="7.014" classname="cases.Case5"/>
</testsuite> <!-- cases.Case5 -->
