<?xml version="1.0" encoding="UTF-8"?>
<!-- Generated by org.testng.reporters.JUnitReportReporter -->
<testsuite hostname="MS-20160617BOYN" name="cases.Case6" tests="1" failures="0" timestamp="3 Mar 2018 20:58:54 GMT" time="9.537" errors="0">
  <testcase name="case06" time="9.537" classname="cases.Case6"/>
</testsuite> <!-- cases.Case6 -->
