<?xml version="1.0" encoding="UTF-8"?>
<!-- Generated by org.testng.reporters.JUnitReportReporter -->
<testsuite hostname="MS-20160617BOYN" name="cases.Case3" tests="1" failures="0" timestamp="4 Mar 2018 06:24:58 GMT" time="11.899" errors="0">
  <testcase name="case03" time="11.899" classname="cases.Case3"/>
</testsuite> <!-- cases.Case3 -->
