<?xml version="1.0" encoding="UTF-8"?>
<!-- Generated by org.testng.reporters.JUnitReportReporter -->
<testsuite hostname="MS-20160617BOYN" name="cases.Case2" tests="2" failures="0" timestamp="4 Mar 2018 06:24:58 GMT" time="67.132" errors="0">
  <testcase name="case02" time="34.272" classname="cases.Case2"/>
  <testcase name="case02" time="32.860" classname="cases.Case2"/>
</testsuite> <!-- cases.Case2 -->
