<?xml version="1.0" encoding="UTF-8"?>
<!-- Generated by org.testng.reporters.JUnitReportReporter -->
<testsuite hostname="MS-20160617BOYN" name="cases.Case6" tests="1" failures="0" timestamp="4 Mar 2018 06:24:58 GMT" time="9.575" errors="0">
  <testcase name="case06" time="9.575" classname="cases.Case6"/>
</testsuite> <!-- cases.Case6 -->
