<?xml version="1.0" encoding="UTF-8"?>
<!-- Generated by org.testng.reporters.JUnitReportReporter -->
<testsuite hostname="MS-20160617BOYN" name="cases.Case4" tests="1" failures="0" timestamp="4 Mar 2018 06:24:58 GMT" time="14.483" errors="0">
  <testcase name="case04" time="14.483" classname="cases.Case4"/>
</testsuite> <!-- cases.Case4 -->
